1654711417192	geckodriver	INFO	Listening on 127.0.0.1:53023
1654711420242	mozrunner::runner	INFO	Running command: "C:\\Program Files\\Mozilla Firefox\\firefox.exe" "--marionette" "--remote-debugging-port" "53024" "--remote-allow-hosts" "localhost" "-no-remote" "-profile" "C:\\Users\\DANIEL~1\\AppData\\Local\\Temp\\rust_mozprofileuN63a8"
1654711420494	Marionette	INFO	Marionette enabled
WebDriver BiDi listening on ws://localhost:53024
console.warn: SearchSettings: "get: No settings file exists, new profile?" (new NotFoundError("Could not open the file at C:\\Users\\DANIEL~1\\AppData\\Local\\Temp\\rust_mozprofileuN63a8\\search.json.mozlz4", (void 0)))
1654711421754	Marionette	INFO	Listening on port 53045
Read port: 53045
DevTools listening on ws://localhost:53024/devtools/browser/92ad8eca-c1a9-4254-a921-0aaf815d0fdc
1654711421788	RemoteAgent	WARN	TLS certificate errors will be ignored for this session
console.warn: LoginRecipes: "getRecipes: falling back to a synchronous message for:" "http://consultas.funcionjudicial.gob.ec"
1654712309206	geckodriver	INFO	Listening on 127.0.0.1:50339
1654712312264	mozrunner::runner	INFO	Running command: "C:\\Program Files\\Mozilla Firefox\\firefox.exe" "--marionette" "--remote-debugging-port" "50340" "--remote-allow-hosts" "localhost" "-no-remote" "-profile" "C:\\Users\\DANIEL~1\\AppData\\Local\\Temp\\rust_mozprofilegrKFml"
1654712312633	Marionette	INFO	Marionette enabled
WebDriver BiDi listening on ws://localhost:50340
console.warn: SearchSettings: "get: No settings file exists, new profile?" (new NotFoundError("Could not open the file at C:\\Users\\DANIEL~1\\AppData\\Local\\Temp\\rust_mozprofilegrKFml\\search.json.mozlz4", (void 0)))
1654712314402	Marionette	INFO	Listening on port 50372
DevTools listening on ws://localhost:50340/devtools/browser/f155095d-f5f4-4a19-9499-e644f2b0427d
Read port: 50372
1654712314561	RemoteAgent	WARN	TLS certificate errors will be ignored for this session
console.warn: LoginRecipes: "getRecipes: falling back to a synchronous message for:" "http://consultas.funcionjudicial.gob.ec"
JavaScript error: , line 0: NS_ERROR_NOT_AVAILABLE
console.warn: LoginRecipes: "getRecipes: falling back to a synchronous message for:" "http://consultas.funcionjudicial.gob.ec"
console.warn: LoginRecipes: "getRecipes: falling back to a synchronous message for:" "http://consultas.funcionjudicial.gob.ec"
1654724168719	Marionette	INFO	Stopped listening on port 50372

###!!! [Parent][PGPUParent] Error: RunMessage(msgname=PGPU::Msg_ShutdownVR) Channel closing: too late to send/recv, messages will be lost

1654724175381	geckodriver	INFO	Listening on 127.0.0.1:50434
1654724178408	mozrunner::runner	INFO	Running command: "C:\\Program Files\\Mozilla Firefox\\firefox.exe" "--marionette" "--remote-debugging-port" "50435" "--remote-allow-hosts" "localhost" "-no-remote" "-profile" "C:\\Users\\DANIEL~1\\AppData\\Local\\Temp\\rust_mozprofileMbCzhm"
1654724178651	Marionette	INFO	Marionette enabled
WebDriver BiDi listening on ws://localhost:50435
console.warn: SearchSettings: "get: No settings file exists, new profile?" (new NotFoundError("Could not open the file at C:\\Users\\DANIEL~1\\AppData\\Local\\Temp\\rust_mozprofileMbCzhm\\search.json.mozlz4", (void 0)))
1654724179928	Marionette	INFO	Listening on port 50463
DevTools listening on ws://localhost:50435/devtools/browser/4251b914-76d4-417f-9261-668a78e9ad9c
Read port: 50463
1654724179982	RemoteAgent	WARN	TLS certificate errors will be ignored for this session
console.warn: LoginRecipes: "getRecipes: falling back to a synchronous message for:" "http://consultas.funcionjudicial.gob.ec"
console.warn: LoginRecipes: "getRecipes: falling back to a synchronous message for:" "http://consultas.funcionjudicial.gob.ec"
console.warn: LoginRecipes: "getRecipes: falling back to a synchronous message for:" "http://consultas.funcionjudicial.gob.ec"
console.warn: LoginRecipes: "getRecipes: falling back to a synchronous message for:" "http://consultas.funcionjudicial.gob.ec"
console.warn: LoginRecipes: "getRecipes: falling back to a synchronous message for:" "http://consultas.funcionjudicial.gob.ec"
console.warn: LoginRecipes: "getRecipes: falling back to a synchronous message for:" "http://consultas.funcionjudicial.gob.ec"
1654724402417	Marionette	INFO	Stopped listening on port 50463
1654724445934	geckodriver	INFO	Listening on 127.0.0.1:50635
1654724448960	mozrunner::runner	INFO	Running command: "C:\\Program Files\\Mozilla Firefox\\firefox.exe" "--marionette" "--remote-debugging-port" "50636" "--remote-allow-hosts" "localhost" "-no-remote" "-profile" "C:\\Users\\DANIEL~1\\AppData\\Local\\Temp\\rust_mozprofilealN0fj"
1654724449283	Marionette	INFO	Marionette enabled
WebDriver BiDi listening on ws://localhost:50636
console.warn: SearchSettings: "get: No settings file exists, new profile?" (new NotFoundError("Could not open the file at C:\\Users\\DANIEL~1\\AppData\\Local\\Temp\\rust_mozprofilealN0fj\\search.json.mozlz4", (void 0)))
1654724450380	Marionette	INFO	Listening on port 50655
DevTools listening on ws://localhost:50636/devtools/browser/e56aea4d-f116-4c36-ab58-9577b7989b69
Read port: 50655
1654724450503	RemoteAgent	WARN	TLS certificate errors will be ignored for this session
console.warn: LoginRecipes: "getRecipes: falling back to a synchronous message for:" "http://consultas.funcionjudicial.gob.ec"
1654724471171	Marionette	WARN	TimedPromise timed out after 500 ms: stacktrace:
TimedPromise/<@chrome://remote/content/marionette/sync.js:235:19
TimedPromise@chrome://remote/content/marionette/sync.js:220:10
interaction.flushEventLoop@chrome://remote/content/marionette/interaction.js:431:10
webdriverClickElement@chrome://remote/content/marionette/interaction.js:179:31
console.warn: LoginRecipes: "getRecipes: falling back to a synchronous message for:" "http://consultas.funcionjudicial.gob.ec"
console.warn: LoginRecipes: "getRecipes: falling back to a synchronous message for:" "http://consultas.funcionjudicial.gob.ec"
console.warn: LoginRecipes: "getRecipes: falling back to a synchronous message for:" "http://consultas.funcionjudicial.gob.ec"
1654724493588	Marionette	INFO	Stopped listening on port 50655
[GFX1-]: RenderCompositorSWGL failed mapping default framebuffer, no dt

###!!! [Parent][PImageBridgeParent] Error: RunMessage(msgname=PImageBridge::Msg_WillClose) Channel closing: too late to send/recv, messages will be lost

1654724496470	geckodriver	INFO	Listening on 127.0.0.1:50687
1654724499513	mozrunner::runner	INFO	Running command: "C:\\Program Files\\Mozilla Firefox\\firefox.exe" "--marionette" "--remote-debugging-port" "50688" "--remote-allow-hosts" "localhost" "-no-remote" "-profile" "C:\\Users\\DANIEL~1\\AppData\\Local\\Temp\\rust_mozprofile8VjHzL"
1654724499795	Marionette	INFO	Marionette enabled
WebDriver BiDi listening on ws://localhost:50688
console.warn: SearchSettings: "get: No settings file exists, new profile?" (new NotFoundError("Could not open the file at C:\\Users\\DANIEL~1\\AppData\\Local\\Temp\\rust_mozprofile8VjHzL\\search.json.mozlz4", (void 0)))
1654724501162	Marionette	INFO	Listening on port 50708
Read port: 50708
DevTools listening on ws://localhost:50688/devtools/browser/01f71984-9287-4816-868c-f775c3b44922
1654724501339	RemoteAgent	WARN	TLS certificate errors will be ignored for this session
console.warn: LoginRecipes: "getRecipes: falling back to a synchronous message for:" "http://consultas.funcionjudicial.gob.ec"
console.warn: LoginRecipes: "getRecipes: falling back to a synchronous message for:" "http://consultas.funcionjudicial.gob.ec"
console.warn: LoginRecipes: "getRecipes: falling back to a synchronous message for:" "http://consultas.funcionjudicial.gob.ec"
console.warn: LoginRecipes: "getRecipes: falling back to a synchronous message for:" "http://consultas.funcionjudicial.gob.ec"
1654724507851	Marionette	INFO	Stopped listening on port 50708

###!!! [Parent][PGPUParent] Error: RunMessage(msgname=PGPU::Msg_ShutdownVR) Channel closing: too late to send/recv, messages will be lost

1654724595139	geckodriver	INFO	Listening on 127.0.0.1:50762
1654724598198	mozrunner::runner	INFO	Running command: "C:\\Program Files\\Mozilla Firefox\\firefox.exe" "--marionette" "--remote-debugging-port" "50763" "--remote-allow-hosts" "localhost" "-no-remote" "-profile" "C:\\Users\\DANIEL~1\\AppData\\Local\\Temp\\rust_mozprofilevSlPFh"
1654724598432	Marionette	INFO	Marionette enabled
WebDriver BiDi listening on ws://localhost:50763
console.warn: SearchSettings: "get: No settings file exists, new profile?" (new NotFoundError("Could not open the file at C:\\Users\\DANIEL~1\\AppData\\Local\\Temp\\rust_mozprofilevSlPFh\\search.json.mozlz4", (void 0)))
1654724599785	Marionette	INFO	Listening on port 50785
DevTools listening on ws://localhost:50763/devtools/browser/4bdc7776-1797-448c-894b-d958dc75049f
Read port: 50785
1654724599953	RemoteAgent	WARN	TLS certificate errors will be ignored for this session
console.warn: LoginRecipes: "getRecipes: falling back to a synchronous message for:" "http://consultas.funcionjudicial.gob.ec"
console.warn: LoginRecipes: "getRecipes: falling back to a synchronous message for:" "http://consultas.funcionjudicial.gob.ec"
console.warn: LoginRecipes: "getRecipes: falling back to a synchronous message for:" "http://consultas.funcionjudicial.gob.ec"
console.warn: LoginRecipes: "getRecipes: falling back to a synchronous message for:" "http://consultas.funcionjudicial.gob.ec"
1654724611399	Marionette	INFO	Stopped listening on port 50785

###!!! [Parent][PGPUParent] Error: RunMessage(msgname=PGPU::Msg_ShutdownVR) Channel closing: too late to send/recv, messages will be lost

1654724958281	geckodriver	INFO	Listening on 127.0.0.1:50954
1654724961318	mozrunner::runner	INFO	Running command: "C:\\Program Files\\Mozilla Firefox\\firefox.exe" "--marionette" "--remote-debugging-port" "50955" "--remote-allow-hosts" "localhost" "-no-remote" "-profile" "C:\\Users\\DANIEL~1\\AppData\\Local\\Temp\\rust_mozprofileVIcKIt"
1654724961554	Marionette	INFO	Marionette enabled
WebDriver BiDi listening on ws://localhost:50955
console.warn: SearchSettings: "get: No settings file exists, new profile?" (new NotFoundError("Could not open the file at C:\\Users\\DANIEL~1\\AppData\\Local\\Temp\\rust_mozprofileVIcKIt\\search.json.mozlz4", (void 0)))
1654724962866	Marionette	INFO	Listening on port 50978
DevTools listening on ws://localhost:50955/devtools/browser/353b1647-260d-4bbb-928f-a170c09cf881
Read port: 50978
1654724963017	RemoteAgent	WARN	TLS certificate errors will be ignored for this session
console.warn: LoginRecipes: "getRecipes: falling back to a synchronous message for:" "http://consultas.funcionjudicial.gob.ec"
console.warn: LoginRecipes: "getRecipes: falling back to a synchronous message for:" "http://consultas.funcionjudicial.gob.ec"
console.warn: LoginRecipes: "getRecipes: falling back to a synchronous message for:" "http://consultas.funcionjudicial.gob.ec"
console.warn: LoginRecipes: "getRecipes: falling back to a synchronous message for:" "http://consultas.funcionjudicial.gob.ec"
console.warn: LoginRecipes: "getRecipes: falling back to a synchronous message for:" "http://consultas.funcionjudicial.gob.ec"
console.warn: LoginRecipes: "getRecipes: falling back to a synchronous message for:" "http://consultas.funcionjudicial.gob.ec"
1654724975809	Marionette	INFO	Stopped listening on port 50978

###!!! [Parent][PGPUParent] Error: RunMessage(msgname=PGPU::Msg_ShutdownVR) Channel closing: too late to send/recv, messages will be lost

1654725100782	geckodriver	INFO	Listening on 127.0.0.1:51125
1654725103824	mozrunner::runner	INFO	Running command: "C:\\Program Files\\Mozilla Firefox\\firefox.exe" "--marionette" "--remote-debugging-port" "51126" "--remote-allow-hosts" "localhost" "-no-remote" "-profile" "C:\\Users\\DANIEL~1\\AppData\\Local\\Temp\\rust_mozprofileOhT2Ij"
1654725104052	Marionette	INFO	Marionette enabled
WebDriver BiDi listening on ws://localhost:51126
console.warn: SearchSettings: "get: No settings file exists, new profile?" (new NotFoundError("Could not open the file at C:\\Users\\DANIEL~1\\AppData\\Local\\Temp\\rust_mozprofileOhT2Ij\\search.json.mozlz4", (void 0)))
1654725105421	Marionette	INFO	Listening on port 51147
DevTools listening on ws://localhost:51126/devtools/browser/525c29dd-0149-4143-a4e4-6dfb3f400734
Read port: 51147
1654725105567	RemoteAgent	WARN	TLS certificate errors will be ignored for this session
console.warn: LoginRecipes: "getRecipes: falling back to a synchronous message for:" "http://consultas.funcionjudicial.gob.ec"
console.warn: LoginRecipes: "getRecipes: falling back to a synchronous message for:" "http://consultas.funcionjudicial.gob.ec"
console.warn: LoginRecipes: "getRecipes: falling back to a synchronous message for:" "http://consultas.funcionjudicial.gob.ec"
console.warn: LoginRecipes: "getRecipes: falling back to a synchronous message for:" "http://consultas.funcionjudicial.gob.ec"
1654725112515	Marionette	INFO	Stopped listening on port 51147

###!!! [Parent][PGPUParent] Error: RunMessage(msgname=PGPU::Msg_ShutdownVR) Channel closing: too late to send/recv, messages will be lost

1654725135458	geckodriver	INFO	Listening on 127.0.0.1:51190
1654725138500	mozrunner::runner	INFO	Running command: "C:\\Program Files\\Mozilla Firefox\\firefox.exe" "--marionette" "--remote-debugging-port" "51191" "--remote-allow-hosts" "localhost" "-no-remote" "-profile" "C:\\Users\\DANIEL~1\\AppData\\Local\\Temp\\rust_mozprofileO50hYU"
1654725138724	Marionette	INFO	Marionette enabled
WebDriver BiDi listening on ws://localhost:51191
console.warn: SearchSettings: "get: No settings file exists, new profile?" (new NotFoundError("Could not open the file at C:\\Users\\DANIEL~1\\AppData\\Local\\Temp\\rust_mozprofileO50hYU\\search.json.mozlz4", (void 0)))
1654725140040	Marionette	INFO	Listening on port 51215
DevTools listening on ws://localhost:51191/devtools/browser/4efdc7d2-7103-4642-8ed9-acd32f8a763f
Read port: 51215
1654725140177	RemoteAgent	WARN	TLS certificate errors will be ignored for this session
console.warn: LoginRecipes: "getRecipes: falling back to a synchronous message for:" "http://consultas.funcionjudicial.gob.ec"
console.warn: LoginRecipes: "getRecipes: falling back to a synchronous message for:" "http://consultas.funcionjudicial.gob.ec"
1654725143854	Marionette	WARN	TimedPromise timed out after 500 ms: stacktrace:
TimedPromise/<@chrome://remote/content/marionette/sync.js:235:19
TimedPromise@chrome://remote/content/marionette/sync.js:220:10
interaction.flushEventLoop@chrome://remote/content/marionette/interaction.js:431:10
webdriverClickElement@chrome://remote/content/marionette/interaction.js:179:31
console.warn: LoginRecipes: "getRecipes: falling back to a synchronous message for:" "http://consultas.funcionjudicial.gob.ec"
console.warn: LoginRecipes: "getRecipes: falling back to a synchronous message for:" "http://consultas.funcionjudicial.gob.ec"
1654725147184	Marionette	INFO	Stopped listening on port 51215

###!!! [Parent][PGPUParent] Error: RunMessage(msgname=PGPU::Msg_ShutdownVR) Channel closing: too late to send/recv, messages will be lost

1654725153242	geckodriver	INFO	Listening on 127.0.0.1:51256
1654725156279	mozrunner::runner	INFO	Running command: "C:\\Program Files\\Mozilla Firefox\\firefox.exe" "--marionette" "--remote-debugging-port" "51257" "--remote-allow-hosts" "localhost" "-no-remote" "-profile" "C:\\Users\\DANIEL~1\\AppData\\Local\\Temp\\rust_mozprofileiQBDbU"
1654725156506	Marionette	INFO	Marionette enabled
WebDriver BiDi listening on ws://localhost:51257
console.warn: SearchSettings: "get: No settings file exists, new profile?" (new NotFoundError("Could not open the file at C:\\Users\\DANIEL~1\\AppData\\Local\\Temp\\rust_mozprofileiQBDbU\\search.json.mozlz4", (void 0)))
1654725157814	Marionette	INFO	Listening on port 51278
DevTools listening on ws://localhost:51257/devtools/browser/a122108b-053e-40ce-bdf0-6f7769119b1b
Read port: 51278
1654725157973	RemoteAgent	WARN	TLS certificate errors will be ignored for this session
console.warn: LoginRecipes: "getRecipes: falling back to a synchronous message for:" "http://consultas.funcionjudicial.gob.ec"
console.warn: LoginRecipes: "getRecipes: falling back to a synchronous message for:" "http://consultas.funcionjudicial.gob.ec"
console.warn: LoginRecipes: "getRecipes: falling back to a synchronous message for:" "http://consultas.funcionjudicial.gob.ec"
console.warn: LoginRecipes: "getRecipes: falling back to a synchronous message for:" "http://consultas.funcionjudicial.gob.ec"
1654725384092	Marionette	INFO	Stopped listening on port 51278
JavaScript error: , line 0: NotFoundError: No such JSWindowActor 'DevToolsFrame'
JavaScript error: , line 0: NotFoundError: No such JSWindowActor 'DevToolsFrame'
JavaScript error: , line 0: NotFoundError: No such JSWindowActor 'DevToolsFrame'
JavaScript error: , line 0: NotFoundError: No such JSWindowActor 'DevToolsFrame'
1654725390213	geckodriver	INFO	Listening on 127.0.0.1:51361
1654725393255	mozrunner::runner	INFO	Running command: "C:\\Program Files\\Mozilla Firefox\\firefox.exe" "--marionette" "--remote-debugging-port" "51362" "--remote-allow-hosts" "localhost" "-no-remote" "-profile" "C:\\Users\\DANIEL~1\\AppData\\Local\\Temp\\rust_mozprofile3CsSuv"
1654725393507	Marionette	INFO	Marionette enabled
WebDriver BiDi listening on ws://localhost:51362
console.warn: SearchSettings: "get: No settings file exists, new profile?" (new NotFoundError("Could not open the file at C:\\Users\\DANIEL~1\\AppData\\Local\\Temp\\rust_mozprofile3CsSuv\\search.json.mozlz4", (void 0)))
1654725394846	Marionette	INFO	Listening on port 51387
Read port: 51387
DevTools listening on ws://localhost:51362/devtools/browser/769a8a95-ec32-4f72-86cc-266c114b94c5
1654725394959	RemoteAgent	WARN	TLS certificate errors will be ignored for this session
console.warn: LoginRecipes: "getRecipes: falling back to a synchronous message for:" "http://consultas.funcionjudicial.gob.ec"
console.warn: LoginRecipes: "getRecipes: falling back to a synchronous message for:" "http://consultas.funcionjudicial.gob.ec"
console.warn: LoginRecipes: "getRecipes: falling back to a synchronous message for:" "http://consultas.funcionjudicial.gob.ec"
console.warn: LoginRecipes: "getRecipes: falling back to a synchronous message for:" "http://consultas.funcionjudicial.gob.ec"
1654725470493	Marionette	INFO	Stopped listening on port 51387
1654725473667	geckodriver	INFO	Listening on 127.0.0.1:51442
1654725476692	mozrunner::runner	INFO	Running command: "C:\\Program Files\\Mozilla Firefox\\firefox.exe" "--marionette" "--remote-debugging-port" "51443" "--remote-allow-hosts" "localhost" "-no-remote" "-profile" "C:\\Users\\DANIEL~1\\AppData\\Local\\Temp\\rust_mozprofilencnypN"
1654725476926	Marionette	INFO	Marionette enabled
WebDriver BiDi listening on ws://localhost:51443
console.warn: SearchSettings: "get: No settings file exists, new profile?" (new NotFoundError("Could not open the file at C:\\Users\\DANIEL~1\\AppData\\Local\\Temp\\rust_mozprofilencnypN\\search.json.mozlz4", (void 0)))
1654725478310	Marionette	INFO	Listening on port 51466
Read port: 51466
1654725478360	RemoteAgent	WARN	TLS certificate errors will be ignored for this session
DevTools listening on ws://localhost:51443/devtools/browser/7b22c0b4-975b-4852-84cf-ba9b9015460f
console.warn: LoginRecipes: "getRecipes: falling back to a synchronous message for:" "http://consultas.funcionjudicial.gob.ec"
console.warn: LoginRecipes: "getRecipes: falling back to a synchronous message for:" "http://consultas.funcionjudicial.gob.ec"
console.warn: LoginRecipes: "getRecipes: falling back to a synchronous message for:" "http://consultas.funcionjudicial.gob.ec"
console.warn: LoginRecipes: "getRecipes: falling back to a synchronous message for:" "http://consultas.funcionjudicial.gob.ec"
1654725571157	Marionette	INFO	Stopped listening on port 51466
JavaScript error: , line 0: NotFoundError: No such JSWindowActor 'DevToolsFrame'
JavaScript error: , line 0: NotFoundError: No such JSWindowActor 'DevToolsFrame'
JavaScript error: , line 0: NotFoundError: No such JSWindowActor 'DevToolsFrame'
JavaScript error: , line 0: NotFoundError: No such JSWindowActor 'DevToolsFrame'
1654725574047	geckodriver	INFO	Listening on 127.0.0.1:51530
1654725577083	mozrunner::runner	INFO	Running command: "C:\\Program Files\\Mozilla Firefox\\firefox.exe" "--marionette" "--remote-debugging-port" "51531" "--remote-allow-hosts" "localhost" "-no-remote" "-profile" "C:\\Users\\DANIEL~1\\AppData\\Local\\Temp\\rust_mozprofilexfk6TU"
1654725577312	Marionette	INFO	Marionette enabled
WebDriver BiDi listening on ws://localhost:51531
console.warn: SearchSettings: "get: No settings file exists, new profile?" (new NotFoundError("Could not open the file at C:\\Users\\DANIEL~1\\AppData\\Local\\Temp\\rust_mozprofilexfk6TU\\search.json.mozlz4", (void 0)))
1654725578688	Marionette	INFO	Listening on port 51553
Read port: 51553
DevTools listening on ws://localhost:51531/devtools/browser/4fb26b2a-4649-45b2-95a7-38b3e85ea0b9
1654725578759	RemoteAgent	WARN	TLS certificate errors will be ignored for this session
console.warn: LoginRecipes: "getRecipes: falling back to a synchronous message for:" "http://consultas.funcionjudicial.gob.ec"
console.warn: LoginRecipes: "getRecipes: falling back to a synchronous message for:" "http://consultas.funcionjudicial.gob.ec"
console.warn: LoginRecipes: "getRecipes: falling back to a synchronous message for:" "http://consultas.funcionjudicial.gob.ec"
console.warn: LoginRecipes: "getRecipes: falling back to a synchronous message for:" "http://consultas.funcionjudicial.gob.ec"
1654725615087	Marionette	INFO	Stopped listening on port 51553

###!!! [Parent][PGPUParent] Error: RunMessage(msgname=PGPU::Msg_ShutdownVR) Channel closing: too late to send/recv, messages will be lost

1654725617618	geckodriver	INFO	Listening on 127.0.0.1:51600
1654725620666	mozrunner::runner	INFO	Running command: "C:\\Program Files\\Mozilla Firefox\\firefox.exe" "--marionette" "--remote-debugging-port" "51601" "--remote-allow-hosts" "localhost" "-no-remote" "-profile" "C:\\Users\\DANIEL~1\\AppData\\Local\\Temp\\rust_mozprofile3wYRRb"
1654725620910	Marionette	INFO	Marionette enabled
WebDriver BiDi listening on ws://localhost:51601
console.warn: SearchSettings: "get: No settings file exists, new profile?" (new NotFoundError("Could not open the file at C:\\Users\\DANIEL~1\\AppData\\Local\\Temp\\rust_mozprofile3wYRRb\\search.json.mozlz4", (void 0)))
1654725622324	Marionette	INFO	Listening on port 51622
DevTools listening on ws://localhost:51601/devtools/browser/ea117461-7471-40bf-99b2-9301b82dd360
Read port: 51622
1654725622479	RemoteAgent	WARN	TLS certificate errors will be ignored for this session
console.warn: LoginRecipes: "getRecipes: falling back to a synchronous message for:" "http://consultas.funcionjudicial.gob.ec"
console.warn: LoginRecipes: "getRecipes: falling back to a synchronous message for:" "http://consultas.funcionjudicial.gob.ec"
console.warn: LoginRecipes: "getRecipes: falling back to a synchronous message for:" "http://consultas.funcionjudicial.gob.ec"
console.warn: LoginRecipes: "getRecipes: falling back to a synchronous message for:" "http://consultas.funcionjudicial.gob.ec"
JavaScript error: resource://gre/modules/AsyncShutdown.jsm, line 575: NotFoundError: No such JSWindowActor 'DevToolsFrame'
JavaScript error: resource://gre/modules/AsyncShutdown.jsm, line 575: NotFoundError: No such JSWindowActor 'DevToolsFrame'
JavaScript error: resource://gre/modules/AsyncShutdown.jsm, line 575: NotFoundError: No such JSWindowActor 'DevToolsFrame'
JavaScript error: resource://gre/modules/AsyncShutdown.jsm, line 575: NotFoundError: No such JSWindowActor 'DevToolsFrame'
1654725804608	Marionette	INFO	Stopped listening on port 51622

###!!! [Parent][PGPUParent] Error: RunMessage(msgname=PGPU::Msg_ShutdownVR) Channel closing: too late to send/recv, messages will be lost

1654725810622	geckodriver	INFO	Listening on 127.0.0.1:51698
1654725813667	mozrunner::runner	INFO	Running command: "C:\\Program Files\\Mozilla Firefox\\firefox.exe" "--marionette" "--remote-debugging-port" "51699" "--remote-allow-hosts" "localhost" "-no-remote" "-profile" "C:\\Users\\DANIEL~1\\AppData\\Local\\Temp\\rust_mozprofileBaZO6D"
1654725813895	Marionette	INFO	Marionette enabled
WebDriver BiDi listening on ws://localhost:51699
console.warn: SearchSettings: "get: No settings file exists, new profile?" (new NotFoundError("Could not open the file at C:\\Users\\DANIEL~1\\AppData\\Local\\Temp\\rust_mozprofileBaZO6D\\search.json.mozlz4", (void 0)))
1654725815255	Marionette	INFO	Listening on port 51720
DevTools listening on ws://localhost:51699/devtools/browser/5ced61b3-31da-47ae-9bd6-bd12c79d13fb
Read port: 51720
1654725815430	RemoteAgent	WARN	TLS certificate errors will be ignored for this session
console.warn: LoginRecipes: "getRecipes: falling back to a synchronous message for:" "http://consultas.funcionjudicial.gob.ec"
console.warn: LoginRecipes: "getRecipes: falling back to a synchronous message for:" "http://consultas.funcionjudicial.gob.ec"
console.warn: LoginRecipes: "getRecipes: falling back to a synchronous message for:" "http://consultas.funcionjudicial.gob.ec"
console.warn: LoginRecipes: "getRecipes: falling back to a synchronous message for:" "http://consultas.funcionjudicial.gob.ec"
1654725827372	Marionette	INFO	Stopped listening on port 51720

###!!! [Parent][PGPUParent] Error: RunMessage(msgname=PGPU::Msg_ShutdownVR) Channel closing: too late to send/recv, messages will be lost

1654725844027	geckodriver	INFO	Listening on 127.0.0.1:51761
1654725847069	mozrunner::runner	INFO	Running command: "C:\\Program Files\\Mozilla Firefox\\firefox.exe" "--marionette" "--remote-debugging-port" "51762" "--remote-allow-hosts" "localhost" "-no-remote" "-profile" "C:\\Users\\DANIEL~1\\AppData\\Local\\Temp\\rust_mozprofileoMgegp"
1654725847293	Marionette	INFO	Marionette enabled
WebDriver BiDi listening on ws://localhost:51762
console.warn: SearchSettings: "get: No settings file exists, new profile?" (new NotFoundError("Could not open the file at C:\\Users\\DANIEL~1\\AppData\\Local\\Temp\\rust_mozprofileoMgegp\\search.json.mozlz4", (void 0)))
1654725848608	Marionette	INFO	Listening on port 51785
Read port: 51785
1654725848625	RemoteAgent	WARN	TLS certificate errors will be ignored for this session
DevTools listening on ws://localhost:51762/devtools/browser/4e419e24-4cd2-4f62-9b29-28ecb372f199
console.warn: LoginRecipes: "getRecipes: falling back to a synchronous message for:" "http://consultas.funcionjudicial.gob.ec"
1654725857744	Marionette	WARN	TimedPromise timed out after 500 ms: stacktrace:
TimedPromise/<@chrome://remote/content/marionette/sync.js:235:19
TimedPromise@chrome://remote/content/marionette/sync.js:220:10
interaction.flushEventLoop@chrome://remote/content/marionette/interaction.js:431:10
webdriverClickElement@chrome://remote/content/marionette/interaction.js:179:31
console.warn: LoginRecipes: "getRecipes: falling back to a synchronous message for:" "http://consultas.funcionjudicial.gob.ec"
console.warn: LoginRecipes: "getRecipes: falling back to a synchronous message for:" "http://consultas.funcionjudicial.gob.ec"
console.warn: LoginRecipes: "getRecipes: falling back to a synchronous message for:" "http://consultas.funcionjudicial.gob.ec"
console.warn: ({})
console.warn: LoginRecipes: "getRecipes: falling back to a synchronous message for:" "http://consultas.funcionjudicial.gob.ec"
console.warn: LoginRecipes: "getRecipes: falling back to a synchronous message for:" "http://consultas.funcionjudicial.gob.ec"
console.warn: LoginRecipes: "getRecipes: falling back to a synchronous message for:" "http://consultas.funcionjudicial.gob.ec"
console.warn: LoginRecipes: "getRecipes: falling back to a synchronous message for:" "http://consultas.funcionjudicial.gob.ec"
JavaScript error: , line 0: NotFoundError: No such JSWindowActor 'DevToolsFrame'
JavaScript error: , line 0: NotFoundError: No such JSWindowActor 'DevToolsFrame'
JavaScript error: , line 0: NotFoundError: No such JSWindowActor 'DevToolsFrame'
JavaScript error: , line 0: NotFoundError: No such JSWindowActor 'DevToolsFrame'
1654726237778	Marionette	INFO	Stopped listening on port 51785
[Parent 9564, IPC I/O Parent] WARNING: file /builds/worker/checkouts/gecko/ipc/chromium/src/base/process_util_win.cc:167
console.error: services.settings: 
  blocklists/addons-bloomfilters Signature failed  TypeError: NetworkError: Network request failed
console.error: services.settings: 
  Message: TypeError: NetworkError: Network request failed
  Stack:
    fetch/</request.onerror@resource://services-settings/Utils.jsm:153:26

console.warn: services.settings: blocklists/gfx sync interrupted by shutdown

###!!! [Parent][PGPUParent] Error: RunMessage(msgname=PGPU::Msg_ShutdownVR) Channel closing: too late to send/recv, messages will be lost

1654726240177	geckodriver	INFO	Listening on 127.0.0.1:51921
1654726243216	mozrunner::runner	INFO	Running command: "C:\\Program Files\\Mozilla Firefox\\firefox.exe" "--marionette" "--remote-debugging-port" "51922" "--remote-allow-hosts" "localhost" "-no-remote" "-profile" "C:\\Users\\DANIEL~1\\AppData\\Local\\Temp\\rust_mozprofileRngybi"
1654726243448	Marionette	INFO	Marionette enabled
WebDriver BiDi listening on ws://localhost:51922
console.warn: SearchSettings: "get: No settings file exists, new profile?" (new NotFoundError("Could not open the file at C:\\Users\\DANIEL~1\\AppData\\Local\\Temp\\rust_mozprofileRngybi\\search.json.mozlz4", (void 0)))
1654726245128	Marionette	INFO	Listening on port 51947
DevTools listening on ws://localhost:51922/devtools/browser/7038eebc-4e4e-4322-af4b-b05a2f061fe4
Read port: 51947
1654726245272	RemoteAgent	WARN	TLS certificate errors will be ignored for this session
console.warn: LoginRecipes: "getRecipes: falling back to a synchronous message for:" "http://consultas.funcionjudicial.gob.ec"
console.warn: LoginRecipes: "getRecipes: falling back to a synchronous message for:" "http://consultas.funcionjudicial.gob.ec"
console.warn: LoginRecipes: "getRecipes: falling back to a synchronous message for:" "http://consultas.funcionjudicial.gob.ec"
console.warn: LoginRecipes: "getRecipes: falling back to a synchronous message for:" "http://consultas.funcionjudicial.gob.ec"
console.warn: LoginRecipes: "getRecipes: falling back to a synchronous message for:" "http://consultas.funcionjudicial.gob.ec"
console.warn: LoginRecipes: "getRecipes: falling back to a synchronous message for:" "http://consultas.funcionjudicial.gob.ec"
console.warn: LoginRecipes: "getRecipes: falling back to a synchronous message for:" "http://consultas.funcionjudicial.gob.ec"
console.warn: LoginRecipes: "getRecipes: falling back to a synchronous message for:" "http://consultas.funcionjudicial.gob.ec"
console.warn: LoginRecipes: "getRecipes: falling back to a synchronous message for:" "http://consultas.funcionjudicial.gob.ec"
console.warn: LoginRecipes: "getRecipes: falling back to a synchronous message for:" "http://consultas.funcionjudicial.gob.ec"
console.warn: LoginRecipes: "getRecipes: falling back to a synchronous message for:" "http://consultas.funcionjudicial.gob.ec"
console.warn: LoginRecipes: "getRecipes: falling back to a synchronous message for:" "http://consultas.funcionjudicial.gob.ec"
console.warn: LoginRecipes: "getRecipes: falling back to a synchronous message for:" "http://consultas.funcionjudicial.gob.ec"
console.warn: LoginRecipes: "getRecipes: falling back to a synchronous message for:" "http://consultas.funcionjudicial.gob.ec"
console.warn: LoginRecipes: "getRecipes: falling back to a synchronous message for:" "http://consultas.funcionjudicial.gob.ec"
console.warn: LoginRecipes: "getRecipes: falling back to a synchronous message for:" "http://consultas.funcionjudicial.gob.ec"
console.error: (new TypeError("parent is null", "resource://devtools/client/inspector/shared/style-change-tracker.js", 67))
TypeError: parent is null: canMutationImpactCurrentStyles@resource://devtools/client/inspector/shared/style-change-tracker.js:67:24
onMutations@resource://devtools/client/inspector/shared/style-change-tracker.js:84:41
_emit@resource://devtools/shared/event-emitter.js:242:32
emit@resource://devtools/shared/event-emitter.js:186:18
emit@resource://devtools/shared/event-emitter.js:330:18
getMutations@resource://devtools/client/fronts/walker.js:312:10

1654726861162	geckodriver	INFO	Listening on 127.0.0.1:50029
1654726864179	mozrunner::runner	INFO	Running command: "C:\\Program Files\\Mozilla Firefox\\firefox.exe" "--marionette" "--remote-debugging-port" "50030" "--remote-allow-hosts" "localhost" "-no-remote" "-profile" "C:\\Users\\DANIEL~1\\AppData\\Local\\Temp\\rust_mozprofile9LfITg"
1654726865183	Marionette	INFO	Marionette enabled
WebDriver BiDi listening on ws://localhost:50030
console.warn: SearchSettings: "get: No settings file exists, new profile?" (new NotFoundError("Could not open the file at C:\\Users\\DANIEL~1\\AppData\\Local\\Temp\\rust_mozprofile9LfITg\\search.json.mozlz4", (void 0)))
1654726866896	Marionette	INFO	Listening on port 50074
DevTools listening on ws://localhost:50030/devtools/browser/b93ca56b-0bca-4f2c-8d34-89593135d41d
Read port: 50074
1654726867004	RemoteAgent	WARN	TLS certificate errors will be ignored for this session
1654726887031	Marionette	INFO	Stopped listening on port 50074

###!!! [Parent][PGPUParent] Error: RunMessage(msgname=PGPU::Msg_ShutdownVR) Channel closing: too late to send/recv, messages will be lost

1654726899252	geckodriver	INFO	Listening on 127.0.0.1:50155
1654726902288	mozrunner::runner	INFO	Running command: "C:\\Program Files\\Mozilla Firefox\\firefox.exe" "--marionette" "--remote-debugging-port" "50156" "--remote-allow-hosts" "localhost" "-no-remote" "-profile" "C:\\Users\\DANIEL~1\\AppData\\Local\\Temp\\rust_mozprofileuMEgvu"
1654726902538	Marionette	INFO	Marionette enabled
WebDriver BiDi listening on ws://localhost:50156
console.warn: SearchSettings: "get: No settings file exists, new profile?" (new NotFoundError("Could not open the file at C:\\Users\\DANIEL~1\\AppData\\Local\\Temp\\rust_mozprofileuMEgvu\\search.json.mozlz4", (void 0)))
1654726903841	Marionette	INFO	Listening on port 50178
DevTools listening on ws://localhost:50156/devtools/browser/713aa34f-6367-41d8-9ca4-a2cfdb7cfe35
Read port: 50178
1654726903978	RemoteAgent	WARN	TLS certificate errors will be ignored for this session
console.warn: LoginRecipes: "getRecipes: falling back to a synchronous message for:" "http://consultas.funcionjudicial.gob.ec"
console.warn: LoginRecipes: "getRecipes: falling back to a synchronous message for:" "http://consultas.funcionjudicial.gob.ec"
console.warn: LoginRecipes: "getRecipes: falling back to a synchronous message for:" "http://consultas.funcionjudicial.gob.ec"
console.warn: LoginRecipes: "getRecipes: falling back to a synchronous message for:" "http://consultas.funcionjudicial.gob.ec"
1654726917504	Marionette	INFO	Stopped listening on port 50178

###!!! [Parent][PGPUParent] Error: RunMessage(msgname=PGPU::Msg_ShutdownVR) Channel closing: too late to send/recv, messages will be lost

1654726951244	geckodriver	INFO	Listening on 127.0.0.1:50232
1654726954280	mozrunner::runner	INFO	Running command: "C:\\Program Files\\Mozilla Firefox\\firefox.exe" "--marionette" "--remote-debugging-port" "50233" "--remote-allow-hosts" "localhost" "-no-remote" "-profile" "C:\\Users\\DANIEL~1\\AppData\\Local\\Temp\\rust_mozprofilemlgw0p"
1654726954532	Marionette	INFO	Marionette enabled
WebDriver BiDi listening on ws://localhost:50233
console.warn: SearchSettings: "get: No settings file exists, new profile?" (new NotFoundError("Could not open the file at C:\\Users\\DANIEL~1\\AppData\\Local\\Temp\\rust_mozprofilemlgw0p\\search.json.mozlz4", (void 0)))
1654726955891	Marionette	INFO	Listening on port 50259
DevTools listening on ws://localhost:50233/devtools/browser/70307f40-e1b5-4240-a3c2-18fc77dbd7c7
Read port: 50259
1654726956048	RemoteAgent	WARN	TLS certificate errors will be ignored for this session
console.warn: LoginRecipes: "getRecipes: falling back to a synchronous message for:" "http://consultas.funcionjudicial.gob.ec"
console.warn: LoginRecipes: "getRecipes: falling back to a synchronous message for:" "http://consultas.funcionjudicial.gob.ec"
console.warn: LoginRecipes: "getRecipes: falling back to a synchronous message for:" "http://consultas.funcionjudicial.gob.ec"
console.warn: LoginRecipes: "getRecipes: falling back to a synchronous message for:" "http://consultas.funcionjudicial.gob.ec"
JavaScript error: , line 0: NS_ERROR_NOT_AVAILABLE
1654727938616	Marionette	INFO	Stopped listening on port 50259
JavaScript error: , line 0: NotFoundError: No such JSWindowActor 'DevToolsFrame'
JavaScript error: , line 0: NotFoundError: No such JSWindowActor 'DevToolsFrame'
JavaScript error: , line 0: NotFoundError: No such JSWindowActor 'DevToolsFrame'
JavaScript error: , line 0: NotFoundError: No such JSWindowActor 'DevToolsFrame'

###!!! [Parent][PGPUParent] Error: RunMessage(msgname=PGPU::Msg_ShutdownVR) Channel closing: too late to send/recv, messages will be lost

1654727942400	geckodriver	INFO	Listening on 127.0.0.1:50677
1654727945438	mozrunner::runner	INFO	Running command: "C:\\Program Files\\Mozilla Firefox\\firefox.exe" "--marionette" "--remote-debugging-port" "50678" "--remote-allow-hosts" "localhost" "-no-remote" "-profile" "C:\\Users\\DANIEL~1\\AppData\\Local\\Temp\\rust_mozprofileoXOSLk"
1654727945677	Marionette	INFO	Marionette enabled
WebDriver BiDi listening on ws://localhost:50678
console.warn: SearchSettings: "get: No settings file exists, new profile?" (new NotFoundError("Could not open the file at C:\\Users\\DANIEL~1\\AppData\\Local\\Temp\\rust_mozprofileoXOSLk\\search.json.mozlz4", (void 0)))
1654727946997	Marionette	INFO	Listening on port 50702
Read port: 50702
1654727947018	RemoteAgent	WARN	TLS certificate errors will be ignored for this session
DevTools listening on ws://localhost:50678/devtools/browser/d7f515bb-5f1a-47ea-9baa-0f0207600691
console.warn: LoginRecipes: "getRecipes: falling back to a synchronous message for:" "http://consultas.funcionjudicial.gob.ec"
console.warn: LoginRecipes: "getRecipes: falling back to a synchronous message for:" "http://consultas.funcionjudicial.gob.ec"
console.warn: LoginRecipes: "getRecipes: falling back to a synchronous message for:" "http://consultas.funcionjudicial.gob.ec"
console.warn: LoginRecipes: "getRecipes: falling back to a synchronous message for:" "http://consultas.funcionjudicial.gob.ec"
1654728079764	Marionette	INFO	Stopped listening on port 50702
1654728084853	geckodriver	INFO	Listening on 127.0.0.1:50757
1654728087917	mozrunner::runner	INFO	Running command: "C:\\Program Files\\Mozilla Firefox\\firefox.exe" "--marionette" "--remote-debugging-port" "50758" "--remote-allow-hosts" "localhost" "-no-remote" "-profile" "C:\\Users\\DANIEL~1\\AppData\\Local\\Temp\\rust_mozprofileGDpRm2"
1654728088147	Marionette	INFO	Marionette enabled
WebDriver BiDi listening on ws://localhost:50758
console.warn: SearchSettings: "get: No settings file exists, new profile?" (new NotFoundError("Could not open the file at C:\\Users\\DANIEL~1\\AppData\\Local\\Temp\\rust_mozprofileGDpRm2\\search.json.mozlz4", (void 0)))
1654728089439	Marionette	INFO	Listening on port 50780
Read port: 50780
1654728089459	RemoteAgent	WARN	TLS certificate errors will be ignored for this session
DevTools listening on ws://localhost:50758/devtools/browser/fa4b6183-df70-4fa3-82aa-771449766506
console.warn: LoginRecipes: "getRecipes: falling back to a synchronous message for:" "http://consultas.funcionjudicial.gob.ec"
console.warn: LoginRecipes: "getRecipes: falling back to a synchronous message for:" "http://consultas.funcionjudicial.gob.ec"
console.warn: LoginRecipes: "getRecipes: falling back to a synchronous message for:" "http://consultas.funcionjudicial.gob.ec"
console.warn: LoginRecipes: "getRecipes: falling back to a synchronous message for:" "http://consultas.funcionjudicial.gob.ec"
console.warn: LoginRecipes: "getRecipes: falling back to a synchronous message for:" "http://consultas.funcionjudicial.gob.ec"
console.warn: LoginRecipes: "getRecipes: falling back to a synchronous message for:" "http://consultas.funcionjudicial.gob.ec"
console.warn: LoginRecipes: "getRecipes: falling back to a synchronous message for:" "http://consultas.funcionjudicial.gob.ec"
console.warn: LoginRecipes: "getRecipes: falling back to a synchronous message for:" "http://consultas.funcionjudicial.gob.ec"
console.warn: LoginRecipes: "getRecipes: falling back to a synchronous message for:" "http://consultas.funcionjudicial.gob.ec"
console.warn: LoginRecipes: "getRecipes: falling back to a synchronous message for:" "http://consultas.funcionjudicial.gob.ec"
console.warn: LoginRecipes: "getRecipes: falling back to a synchronous message for:" "http://consultas.funcionjudicial.gob.ec"
console.warn: LoginRecipes: "getRecipes: falling back to a synchronous message for:" "http://consultas.funcionjudicial.gob.ec"
JavaScript error: , line 0: NS_ERROR_NOT_AVAILABLE
console.warn: LoginRecipes: "getRecipes: falling back to a synchronous message for:" "http://consultas.funcionjudicial.gob.ec"
console.warn: LoginRecipes: "getRecipes: falling back to a synchronous message for:" "http://consultas.funcionjudicial.gob.ec"
console.warn: LoginRecipes: "getRecipes: falling back to a synchronous message for:" "http://consultas.funcionjudicial.gob.ec"
console.warn: LoginRecipes: "getRecipes: falling back to a synchronous message for:" "http://consultas.funcionjudicial.gob.ec"
console.error: (new TypeError("parent is null", "resource://devtools/client/inspector/shared/style-change-tracker.js", 67))
TypeError: parent is null: canMutationImpactCurrentStyles@resource://devtools/client/inspector/shared/style-change-tracker.js:67:24
onMutations@resource://devtools/client/inspector/shared/style-change-tracker.js:84:41
_emit@resource://devtools/shared/event-emitter.js:242:32
emit@resource://devtools/shared/event-emitter.js:186:18
emit@resource://devtools/shared/event-emitter.js:330:18
getMutations@resource://devtools/client/fronts/walker.js:312:10

console.warn: LoginRecipes: "getRecipes: falling back to a synchronous message for:" "http://consultas.funcionjudicial.gob.ec"
console.warn: LoginRecipes: "getRecipes: falling back to a synchronous message for:" "http://consultas.funcionjudicial.gob.ec"
console.warn: LoginRecipes: "getRecipes: falling back to a synchronous message for:" "http://consultas.funcionjudicial.gob.ec"
console.warn: LoginRecipes: "getRecipes: falling back to a synchronous message for:" "http://consultas.funcionjudicial.gob.ec"
console.warn: LoginRecipes: "getRecipes: falling back to a synchronous message for:" "http://consultas.funcionjudicial.gob.ec"
JavaScript error: resource://gre/modules/AsyncShutdown.jsm, line 575: NotFoundError: No such JSWindowActor 'DevToolsFrame'
JavaScript error: resource://gre/modules/AsyncShutdown.jsm, line 575: NotFoundError: No such JSWindowActor 'DevToolsFrame'
JavaScript error: resource://gre/modules/AsyncShutdown.jsm, line 575: NotFoundError: No such JSWindowActor 'DevToolsFrame'
JavaScript error: resource://gre/modules/AsyncShutdown.jsm, line 575: NotFoundError: No such JSWindowActor 'DevToolsFrame'
1654729873862	Marionette	INFO	Stopped listening on port 50780

###!!! [Parent][PGPUParent] Error: RunMessage(msgname=PGPU::Msg_ShutdownVR) Channel closing: too late to send/recv, messages will be lost

1654729902135	geckodriver	INFO	Listening on 127.0.0.1:58784
1654729905155	mozrunner::runner	INFO	Running command: "C:\\Program Files\\Mozilla Firefox\\firefox.exe" "--marionette" "--remote-debugging-port" "58785" "--remote-allow-hosts" "localhost" "-no-remote" "-profile" "C:\\Users\\DANIEL~1\\AppData\\Local\\Temp\\rust_mozprofiletAmNRP"
1654729905379	Marionette	INFO	Marionette enabled
WebDriver BiDi listening on ws://localhost:58785
console.warn: SearchSettings: "get: No settings file exists, new profile?" (new NotFoundError("Could not open the file at C:\\Users\\DANIEL~1\\AppData\\Local\\Temp\\rust_mozprofiletAmNRP\\search.json.mozlz4", (void 0)))
1654729906660	Marionette	INFO	Listening on port 58806
DevTools listening on ws://localhost:58785/devtools/browser/2ed08e17-7c7a-42a6-8048-ef15648a0af5
Read port: 58806
1654729906824	RemoteAgent	WARN	TLS certificate errors will be ignored for this session
console.warn: LoginRecipes: "getRecipes: falling back to a synchronous message for:" "http://consultas.funcionjudicial.gob.ec"
console.warn: LoginRecipes: "getRecipes: falling back to a synchronous message for:" "http://consultas.funcionjudicial.gob.ec"
console.warn: LoginRecipes: "getRecipes: falling back to a synchronous message for:" "http://consultas.funcionjudicial.gob.ec"
console.warn: LoginRecipes: "getRecipes: falling back to a synchronous message for:" "http://consultas.funcionjudicial.gob.ec"
console.warn: LoginRecipes: "getRecipes: falling back to a synchronous message for:" "http://consultas.funcionjudicial.gob.ec"
console.warn: LoginRecipes: "getRecipes: falling back to a synchronous message for:" "http://consultas.funcionjudicial.gob.ec"
1654729939510	Marionette	INFO	Stopped listening on port 58806

###!!! [Parent][PGPUParent] Error: RunMessage(msgname=PGPU::Msg_ShutdownVR) Channel closing: too late to send/recv, messages will be lost

1654730016931	geckodriver	INFO	Listening on 127.0.0.1:58852
1654730019975	mozrunner::runner	INFO	Running command: "C:\\Program Files\\Mozilla Firefox\\firefox.exe" "--marionette" "--remote-debugging-port" "58853" "--remote-allow-hosts" "localhost" "-no-remote" "-profile" "C:\\Users\\DANIEL~1\\AppData\\Local\\Temp\\rust_mozprofileYUbcAV"
1654730020202	Marionette	INFO	Marionette enabled
WebDriver BiDi listening on ws://localhost:58853
console.warn: SearchSettings: "get: No settings file exists, new profile?" (new NotFoundError("Could not open the file at C:\\Users\\DANIEL~1\\AppData\\Local\\Temp\\rust_mozprofileYUbcAV\\search.json.mozlz4", (void 0)))
1654730021490	Marionette	INFO	Listening on port 58874
DevTools listening on ws://localhost:58853/devtools/browser/8181f468-718c-4091-a112-6939a424316b
Read port: 58874
1654730021530	RemoteAgent	WARN	TLS certificate errors will be ignored for this session
console.warn: LoginRecipes: "getRecipes: falling back to a synchronous message for:" "http://consultas.funcionjudicial.gob.ec"
console.warn: LoginRecipes: "getRecipes: falling back to a synchronous message for:" "http://consultas.funcionjudicial.gob.ec"
console.warn: LoginRecipes: "getRecipes: falling back to a synchronous message for:" "http://consultas.funcionjudicial.gob.ec"
console.warn: LoginRecipes: "getRecipes: falling back to a synchronous message for:" "http://consultas.funcionjudicial.gob.ec"
console.warn: LoginRecipes: "getRecipes: falling back to a synchronous message for:" "http://consultas.funcionjudicial.gob.ec"
console.warn: LoginRecipes: "getRecipes: falling back to a synchronous message for:" "http://consultas.funcionjudicial.gob.ec"
1654730055266	Marionette	INFO	Stopped listening on port 58874

###!!! [Parent][PGPUParent] Error: RunMessage(msgname=PGPU::Msg_ShutdownVR) Channel closing: too late to send/recv, messages will be lost

1654795057364	geckodriver	INFO	Listening on 127.0.0.1:50232
1654795060402	mozrunner::runner	INFO	Running command: "C:\\Program Files\\Mozilla Firefox\\firefox.exe" "--marionette" "--remote-debugging-port" "50233" "--remote-allow-hosts" "localhost" "-no-remote" "-profile" "C:\\Users\\DANIEL~1\\AppData\\Local\\Temp\\rust_mozprofilekh4Uiu"
1654795060703	Marionette	INFO	Marionette enabled
WebDriver BiDi listening on ws://localhost:50233
console.warn: SearchSettings: "get: No settings file exists, new profile?" (new NotFoundError("Could not open the file at C:\\Users\\DANIEL~1\\AppData\\Local\\Temp\\rust_mozprofilekh4Uiu\\search.json.mozlz4", (void 0)))
1654795062349	Marionette	INFO	Listening on port 50257
DevTools listening on ws://localhost:50233/devtools/browser/a6156645-b3bb-43f4-90da-2d9e641cb560
Read port: 50257
1654795062445	RemoteAgent	WARN	TLS certificate errors will be ignored for this session
console.warn: LoginRecipes: "getRecipes: falling back to a synchronous message for:" "http://consultas.funcionjudicial.gob.ec"
console.warn: LoginRecipes: "getRecipes: falling back to a synchronous message for:" "http://consultas.funcionjudicial.gob.ec"
console.warn: LoginRecipes: "getRecipes: falling back to a synchronous message for:" "http://consultas.funcionjudicial.gob.ec"
console.warn: LoginRecipes: "getRecipes: falling back to a synchronous message for:" "http://consultas.funcionjudicial.gob.ec"
1654795151191	Marionette	INFO	Stopped listening on port 50257
console.warn: TopSitesFeed: Failed to fetch data from Contile server: NetworkError when attempting to fetch resource.

###!!! [Parent][PGPUParent] Error: RunMessage(msgname=PGPU::Msg_ShutdownVR) Channel closing: too late to send/recv, messages will be lost

1654795176397	geckodriver	INFO	Listening on 127.0.0.1:50321
1654795179443	mozrunner::runner	INFO	Running command: "C:\\Program Files\\Mozilla Firefox\\firefox.exe" "--marionette" "--remote-debugging-port" "50322" "--remote-allow-hosts" "localhost" "-no-remote" "-profile" "C:\\Users\\DANIEL~1\\AppData\\Local\\Temp\\rust_mozprofileZOlnqE"
1654795179671	Marionette	INFO	Marionette enabled
WebDriver BiDi listening on ws://localhost:50322
console.warn: SearchSettings: "get: No settings file exists, new profile?" (new NotFoundError("Could not open the file at C:\\Users\\DANIEL~1\\AppData\\Local\\Temp\\rust_mozprofileZOlnqE\\search.json.mozlz4", (void 0)))
1654795180983	Marionette	INFO	Listening on port 50343
DevTools listening on ws://localhost:50322/devtools/browser/d9626562-47a8-4c7a-b3ca-be6e99567091
Read port: 50343
1654795181126	RemoteAgent	WARN	TLS certificate errors will be ignored for this session
console.warn: LoginRecipes: "getRecipes: falling back to a synchronous message for:" "http://consultas.funcionjudicial.gob.ec"
console.warn: LoginRecipes: "getRecipes: falling back to a synchronous message for:" "http://consultas.funcionjudicial.gob.ec"
console.warn: LoginRecipes: "getRecipes: falling back to a synchronous message for:" "http://consultas.funcionjudicial.gob.ec"
console.warn: LoginRecipes: "getRecipes: falling back to a synchronous message for:" "http://consultas.funcionjudicial.gob.ec"
console.warn: LoginRecipes: "getRecipes: falling back to a synchronous message for:" "http://consultas.funcionjudicial.gob.ec"
1654795366302	Marionette	INFO	Stopped listening on port 50343
console.warn: TopSitesFeed: Failed to fetch data from Contile server: NetworkError when attempting to fetch resource.

###!!! [Parent][PGPUParent] Error: RunMessage(msgname=PGPU::Msg_ShutdownVR) Channel closing: too late to send/recv, messages will be lost

rofilehVnJo6"
1654795363461	Marionette	INFO	Marionette enabled
WebDriver BiDi listening on ws://localhost:50419
console.warn: SearchSettings: "get: No settings file exists, new profile?" (new NotFoundError("Could not open the file at C:\\Users\\DANIEL~1\\AppData\\Local\\Temp\\rust_mozprofilehVnJo6\\search.json.mozlz4", (void 0)))
1654795364924	Marionette	INFO	Listening on port 50440
Read port: 50440
DevTools listening on ws://localhost:50419/devtools/browser/59d125ca-8a2f-4162-aa26-cf7c77f445a8
1654795365058	RemoteAgent	WARN	TLS certificate errors will be ignored for this session
console.warn: LoginRecipes: "getRecipes: falling back to a synchronous message for:" "http://consultas.funcionjudicial.gob.ec"
console.warn: LoginRecipes: "getRecipes: falling back to a synchronous message for:" "http://consultas.funcionjudicial.gob.ec"
console.warn: LoginRecipes: "getRecipes: falling back to a synchronous message for:" "http://consultas.funcionjudicial.gob.ec"
console.warn: LoginRecipes: "getRecipes: falling back to a synchronous message for:" "http://consultas.funcionjudicial.gob.ec"
JavaScript error: , line 0: NS_ERROR_NOT_AVAILABLE
1654800315815	Marionette	INFO	Stopped listening on port 50440
console.warn: TopSitesFeed: Failed to fetch data from Contile server: NetworkError when attempting to fetch resource.

###!!! [Parent][PGPUParent] Error: RunMessage(msgname=PGPU::Msg_ShutdownVR) Channel closing: too late to send/recv, messages will be lost

te enabled
WebDriver BiDi listening on ws://localhost:64879
console.warn: SearchSettings: "get: No settings file exists, new profile?" (new NotFoundError("Could not open the file at C:\\Users\\DANIEL~1\\AppData\\Local\\Temp\\rust_mozprofileuAEVJh\\search.json.mozlz4", (void 0)))
1654796106206	Marionette	INFO	Listening on port 64901
DevTools listening on ws://localhost:64879/devtools/browser/50704f47-9c74-4364-a0f6-e55d892b1382
Read port: 64901
1654796106345	RemoteAgent	WARN	TLS certificate errors will be ignored for this session
console.warn: LoginRecipes: "getRecipes: falling back to a synchronous message for:" "http://consultas.funcionjudicial.gob.ec"
console.warn: LoginRecipes: "getRecipes: falling back to a synchronous message for:" "http://consultas.funcionjudicial.gob.ec"
console.warn: LoginRecipes: "getRecipes: falling back to a synchronous message for:" "http://consultas.funcionjudicial.gob.ec"
console.warn: LoginRecipes: "getRecipes: falling back to a synchronous message for:" "http://consultas.funcionjudicial.gob.ec"
console.warn: LoginRecipes: "getRecipes: falling back to a synchronous message for:" "http://consultas.funcionjudicial.gob.ec"
console.warn: LoginRecipes: "getRecipes: falling back to a synchronous message for:" "http://consultas.funcionjudicial.gob.ec"
console.warn: LoginRecipes: "getRecipes: falling back to a synchronous message for:" "http://consultas.funcionjudicial.gob.ec"
console.warn: LoginRecipes: "getRecipes: falling back to a synchronous message for:" "http://consultas.funcionjudicial.gob.ec"
console.warn: LoginRecipes: "getRecipes: falling back to a synchronous message for:" "http://consultas.funcionjudicial.gob.ec"
console.warn: LoginRecipes: "getRecipes: falling back to a synchronous message for:" "http://consultas.funcionjudicial.gob.ec"
console.warn: LoginRecipes: "getRecipes: falling back to a synchronous message for:" "http://consultas.funcionjudicial.gob.ec"
console.warn: LoginRecipes: "getRecipes: falling back to a synchronous message for:" "http://consultas.funcionjudicial.gob.ec"
console.warn: LoginRecipes: "getRecipes: falling back to a synchronous message for:" "http://consultas.funcionjudicial.gob.ec"
console.warn: LoginRecipes: "getRecipes: falling back to a synchronous message for:" "http://consultas.funcionjudicial.gob.ec"
console.warn: LoginRecipes: "getRecipes: falling back to a synchronous message for:" "http://consultas.funcionjudicial.gob.ec"
console.warn: LoginRecipes: "getRecipes: falling back to a synchronous message for:" "http://consultas.funcionjudicial.gob.ec"
console.warn: LoginRecipes: "getRecipes: falling back to a synchronous message for:" "http://consultas.funcionjudicial.gob.ec"
console.warn: LoginRecipes: "getRecipes: falling back to a synchronous message for:" "http://consultas.funcionjudicial.gob.ec"
console.warn: LoginRecipes: "getRecipes: falling back to a synchronous message for:" "http://consultas.funcionjudicial.gob.ec"
console.warn: LoginRecipes: "getRecipes: falling back to a synchronous message for:" "http://consultas.funcionjudicial.gob.ec"
console.warn: LoginRecipes: "getRecipes: falling back to a synchronous message for:" "http://consultas.funcionjudicial.gob.ec"
console.warn: LoginRecipes: "getRecipes: falling back to a synchronous message for:" "http://consultas.funcionjudicial.gob.ec"
console.warn: LoginRecipes: "getRecipes: falling back to a synchronous message for:" "http://consultas.funcionjudicial.gob.ec"
console.warn: LoginRecipes: "getRecipes: falling back to a synchronous message for:" "http://consultas.funcionjudicial.gob.ec"
console.warn: LoginRecipes: "getRecipes: falling back to a synchronous message for:" "http://consultas.funcionjudicial.gob.ec"
console.warn: LoginRecipes: "getRecipes: falling back to a synchronous message for:" "http://consultas.funcionjudicial.gob.ec"
console.warn: LoginRecipes: "getRecipes: falling back to a synchronous message for:" "http://consultas.funcionjudicial.gob.ec"
console.warn: LoginRecipes: "getRecipes: falling back to a synchronous message for:" "http://consultas.funcionjudicial.gob.ec"
console.warn: LoginRecipes: "getRecipes: falling back to a synchronous message for:" "http://consultas.funcionjudicial.gob.ec"
console.warn: LoginRecipes: "getRecipes: falling back to a synchronous message for:" "http://consultas.funcionjudicial.gob.ec"
console.warn: LoginRecipes: "getRecipes: falling back to a synchronous message for:" "http://consultas.funcionjudicial.gob.ec"
console.warn: LoginRecipes: "getRecipes: falling back to a synchronous message for:" "http://consultas.funcionjudicial.gob.ec"
console.warn: LoginRecipes: "getRecipes: falling back to a synchronous message for:" "http://consultas.funcionjudicial.gob.ec"
console.warn: LoginRecipes: "getRecipes: falling back to a synchronous message for:" "http://consultas.funcionjudicial.gob.ec"
console.warn: LoginRecipes: "getRecipes: falling back to a synchronous message for:" "http://consultas.funcionjudicial.gob.ec"
console.warn: LoginRecipes: "getRecipes: falling back to a synchronous message for:" "http://consultas.funcionjudicial.gob.ec"
console.warn: LoginRecipes: "getRecipes: falling back to a synchronous message for:" "http://consultas.funcionjudicial.gob.ec"
console.warn: LoginRecipes: "getRecipes: falling back to a synchronous message for:" "http://consultas.funcionjudicial.gob.ec"
console.warn: LoginRecipes: "getRecipes: falling back to a synchronous message for:" "http://consultas.funcionjudicial.gob.ec"
console.warn: LoginRecipes: "getRecipes: falling back to a synchronous message for:" "http://consultas.funcionjudicial.gob.ec"
console.warn: LoginRecipes: "getRecipes: falling back to a synchronous message for:" "http://consultas.funcionjudicial.gob.ec"
console.warn: LoginRecipes: "getRecipes: falling back to a synchronous message for:" "http://consultas.funcionjudicial.gob.ec"
console.warn: LoginRecipes: "getRecipes: falling back to a synchronous message for:" "http://consultas.funcionjudicial.gob.ec"
console.warn: LoginRecipes: "getRecipes: falling back to a synchronous message for:" "http://consultas.funcionjudicial.gob.ec"
console.warn: LoginRecipes: "getRecipes: falling back to a synchronous message for:" "http://consultas.funcionjudicial.gob.ec"
console.warn: LoginRecipes: "getRecipes: falling back to a synchronous message for:" "http://consultas.funcionjudicial.gob.ec"
console.warn: LoginRecipes: "getRecipes: falling back to a synchronous message for:" "http://consultas.funcionjudicial.gob.ec"
console.warn: LoginRecipes: "getRecipes: falling back to a synchronous message for:" "http://consultas.funcionjudicial.gob.ec"
console.warn: LoginRecipes: "getRecipes: falling back to a synchronous message for:" "http://consultas.funcionjudicial.gob.ec"
console.warn: LoginRecipes: "getRecipes: falling back to a synchronous message for:" "http://consultas.funcionjudicial.gob.ec"
console.warn: LoginRecipes: "getRecipes: falling back to a synchronous message for:" "http://consultas.funcionjudicial.gob.ec"
console.warn: LoginRecipes: "getRecipes: falling back to a synchronous message for:" "http://consultas.funcionjudicial.gob.ec"
console.warn: LoginRecipes: "getRecipes: falling back to a synchronous message for:" "http://consultas.funcionjudicial.gob.ec"
console.warn: LoginRecipes: "getRecipes: falling back to a synchronous message for:" "http://consultas.funcionjudicial.gob.ec"
console.warn: LoginRecipes: "getRecipes: falling back to a synchronous message for:" "http://consultas.funcionjudicial.gob.ec"
console.warn: LoginRecipes: "getRecipes: falling back to a synchronous message for:" "http://consultas.funcionjudicial.gob.ec"
console.warn: LoginRecipes: "getRecipes: falling back to a synchronous message for:" "http://consultas.funcionjudicial.gob.ec"
console.warn: LoginRecipes: "getRecipes: falling back to a synchronous message for:" "http://consultas.funcionjudicial.gob.ec"
console.warn: LoginRecipes: "getRecipes: falling back to a synchronous message for:" "http://consultas.funcionjudicial.gob.ec"
console.warn: LoginRecipes: "getRecipes: falling back to a synchronous message for:" "http://consultas.funcionjudicial.gob.ec"
console.warn: LoginRecipes: "getRecipes: falling back to a synchronous message for:" "http://consultas.funcionjudicial.gob.ec"
console.warn: LoginRecipes: "getRecipes: falling back to a synchronous message for:" "http://consultas.funcionjudicial.gob.ec"
console.warn: LoginRecipes: "getRecipes: falling back to a synchronous message for:" "http://consultas.funcionjudicial.gob.ec"
console.warn: LoginRecipes: "getRecipes: falling back to a synchronous message for:" "http://consultas.funcionjudicial.gob.ec"
console.warn: LoginRecipes: "getRecipes: falling back to a synchronous message for:" "http://consultas.funcionjudicial.gob.ec"
console.warn: LoginRecipes: "getRecipes: falling back to a synchronous message for:" "http://consultas.funcionjudicial.gob.ec"
console.warn: LoginRecipes: "getRecipes: falling back to a synchronous message for:" "http://consultas.funcionjudicial.gob.ec"
console.warn: LoginRecipes: "getRecipes: falling back to a synchronous message for:" "http://consultas.funcionjudicial.gob.ec"
console.warn: LoginRecipes: "getRecipes: falling back to a synchronous message for:" "http://consultas.funcionjudicial.gob.ec"
console.warn: LoginRecipes: "getRecipes: falling back to a synchronous message for:" "http://consultas.funcionjudicial.gob.ec"
console.warn: LoginRecipes: "getRecipes: falling back to a synchronous message for:" "http://consultas.funcionjudicial.gob.ec"
console.warn: LoginRecipes: "getRecipes: falling back to a synchronous message for:" "http://consultas.funcionjudicial.gob.ec"
console.warn: LoginRecipes: "getRecipes: falling back to a synchronous message for:" "http://consultas.funcionjudicial.gob.ec"
console.warn: LoginRecipes: "getRecipes: falling back to a synchronous message for:" "http://consultas.funcionjudicial.gob.ec"
console.warn: LoginRecipes: "getRecipes: falling back to a synchronous message for:" "http://consultas.funcionjudicial.gob.ec"
console.warn: LoginRecipes: "getRecipes: falling back to a synchronous message for:" "http://consultas.funcionjudicial.gob.ec"
console.warn: LoginRecipes: "getRecipes: falling back to a synchronous message for:" "http://consultas.funcionjudicial.gob.ec"
console.warn: LoginRecipes: "getRecipes: falling back to a synchronous message for:" "http://consultas.funcionjudicial.gob.ec"
console.warn: LoginRecipes: "getRecipes: falling back to a synchronous message for:" "http://consultas.funcionjudicial.gob.ec"
console.warn: LoginRecipes: "getRecipes: falling back to a synchronous message for:" "http://consultas.funcionjudicial.gob.ec"
console.warn: LoginRecipes: "getRecipes: falling back to a synchronous message for:" "http://consultas.funcionjudicial.gob.ec"
console.warn: LoginRecipes: "getRecipes: falling back to a synchronous message for:" "http://consultas.funcionjudicial.gob.ec"
console.warn: LoginRecipes: "getRecipes: falling back to a synchronous message for:" "http://consultas.funcionjudicial.gob.ec"
console.warn: LoginRecipes: "getRecipes: falling back to a synchronous message for:" "http://consultas.funcionjudicial.gob.ec"
console.warn: LoginRecipes: "getRecipes: falling back to a synchronous message for:" "http://consultas.funcionjudicial.gob.ec"
console.warn: LoginRecipes: "getRecipes: falling back to a synchronous message for:" "http://consultas.funcionjudicial.gob.ec"
console.warn: LoginRecipes: "getRecipes: falling back to a synchronous message for:" "http://consultas.funcionjudicial.gob.ec"
console.warn: LoginRecipes: "getRecipes: falling back to a synchronous message for:" "http://consultas.funcionjudicial.gob.ec"
console.warn: LoginRecipes: "getRecipes: falling back to a synchronous message for:" "http://consultas.funcionjudicial.gob.ec"
console.warn: LoginRecipes: "getRecipes: falling back to a synchronous message for:" "http://consultas.funcionjudicial.gob.ec"
console.warn: LoginRecipes: "getRecipes: falling back to a synchronous message for:" "http://consultas.funcionjudicial.gob.ec"
console.warn: LoginRecipes: "getRecipes: falling back to a synchronous message for:" "http://consultas.funcionjudicial.gob.ec"
console.warn: LoginRecipes: "getRecipes: falling back to a synchronous message for:" "http://consultas.funcionjudicial.gob.ec"
console.warn: LoginRecipes: "getRecipes: falling back to a synchronous message for:" "http://consultas.funcionjudicial.gob.ec"
console.warn: LoginRecipes: "getRecipes: falling back to a synchronous message for:" "http://consultas.funcionjudicial.gob.ec"
console.warn: LoginRecipes: "getRecipes: falling back to a synchronous message for:" "http://consultas.funcionjudicial.gob.ec"
console.warn: LoginRecipes: "getRecipes: falling back to a synchronous message for:" "http://consultas.funcionjudicial.gob.ec"
console.warn: LoginRecipes: "getRecipes: falling back to a synchronous message for:" "http://consultas.funcionjudicial.gob.ec"
console.warn: LoginRecipes: "getRecipes: falling back to a synchronous message for:" "http://consultas.funcionjudicial.gob.ec"
console.warn: LoginRecipes: "getRecipes: falling back to a synchronous message for:" "http://consultas.funcionjudicial.gob.ec"
console.warn: LoginRecipes: "getRecipes: falling back to a synchronous message for:" "http://consultas.funcionjudicial.gob.ec"
console.warn: LoginRecipes: "getRecipes: falling back to a synchronous message for:" "http://consultas.funcionjudicial.gob.ec"
console.warn: LoginRecipes: "getRecipes: falling back to a synchronous message for:" "http://consultas.funcionjudicial.gob.ec"
console.warn: LoginRecipes: "getRecipes: falling back to a synchronous message for:" "http://consultas.funcionjudicial.gob.ec"
console.warn: LoginRecipes: "getRecipes: falling back to a synchronous message for:" "http://consultas.funcionjudicial.gob.ec"
console.warn: LoginRecipes: "getRecipes: falling back to a synchronous message for:" "http://consultas.funcionjudicial.gob.ec"
console.warn: LoginRecipes: "getRecipes: falling back to a synchronous message for:" "http://consultas.funcionjudicial.gob.ec"
console.warn: LoginRecipes: "getRecipes: falling back to a synchronous message for:" "http://consultas.funcionjudicial.gob.ec"
console.warn: LoginRecipes: "getRecipes: falling back to a synchronous message for:" "http://consultas.funcionjudicial.gob.ec"
console.warn: LoginRecipes: "getRecipes: falling back to a synchronous message for:" "http://consultas.funcionjudicial.gob.ec"
console.warn: LoginRecipes: "getRecipes: falling back to a synchronous message for:" "http://consultas.funcionjudicial.gob.ec"
console.warn: LoginRecipes: "getRecipes: falling back to a synchronous message for:" "http://consultas.funcionjudicial.gob.ec"
console.warn: LoginRecipes: "getRecipes: falling back to a synchronous message for:" "http://consultas.funcionjudicial.gob.ec"
console.warn: LoginRecipes: "getRecipes: falling back to a synchronous message for:" "http://consultas.funcionjudicial.gob.ec"
console.warn: LoginRecipes: "getRecipes: falling back to a synchronous message for:" "http://consultas.funcionjudicial.gob.ec"
console.warn: LoginRecipes: "getRecipes: falling back to a synchronous message for:" "http://consultas.funcionjudicial.gob.ec"
console.warn: LoginRecipes: "getRecipes: falling back to a synchronous message for:" "http://consultas.funcionjudicial.gob.ec"
console.warn: LoginRecipes: "getRecipes: falling back to a synchronous message for:" "http://consultas.funcionjudicial.gob.ec"
console.warn: LoginRecipes: "getRecipes: falling back to a synchronous message for:" "http://consultas.funcionjudicial.gob.ec"
console.warn: LoginRecipes: "getRecipes: falling back to a synchronous message for:" "http://consultas.funcionjudicial.gob.ec"
console.warn: LoginRecipes: "getRecipes: falling back to a synchronous message for:" "http://consultas.funcionjudicial.gob.ec"
console.warn: LoginRecipes: "getRecipes: falling back to a synchronous message for:" "http://consultas.funcionjudicial.gob.ec"
console.warn: LoginRecipes: "getRecipes: falling back to a synchronous message for:" "http://consultas.funcionjudicial.gob.ec"
console.warn: LoginRecipes: "getRecipes: falling back to a synchronous message for:" "http://consultas.funcionjudicial.gob.ec"
console.warn: LoginRecipes: "getRecipes: falling back to a synchronous message for:" "http://consultas.funcionjudicial.gob.ec"
console.warn: LoginRecipes: "getRecipes: falling back to a synchronous message for:" "http://consultas.funcionjudicial.gob.ec"
console.warn: LoginRecipes: "getRecipes: falling back to a synchronous message for:" "http://consultas.funcionjudicial.gob.ec"
console.warn: LoginRecipes: "getRecipes: falling back to a synchronous message for:" "http://consultas.funcionjudicial.gob.ec"
console.warn: LoginRecipes: "getRecipes: falling back to a synchronous message for:" "http://consultas.funcionjudicial.gob.ec"
console.warn: LoginRecipes: "getRecipes: falling back to a synchronous message for:" "http://consultas.funcionjudicial.gob.ec"
console.warn: LoginRecipes: "getRecipes: falling back to a synchronous message for:" "http://consultas.funcionjudicial.gob.ec"
console.warn: LoginRecipes: "getRecipes: falling back to a synchronous message for:" "http://consultas.funcionjudicial.gob.ec"
console.warn: LoginRecipes: "getRecipes: falling back to a synchronous message for:" "http://consultas.funcionjudicial.gob.ec"
console.warn: LoginRecipes: "getRecipes: falling back to a synchronous message for:" "http://consultas.funcionjudicial.gob.ec"
console.warn: LoginRecipes: "getRecipes: falling back to a synchronous message for:" "http://consultas.funcionjudicial.gob.ec"
console.warn: LoginRecipes: "getRecipes: falling back to a synchronous message for:" "http://consultas.funcionjudicial.gob.ec"
console.warn: LoginRecipes: "getRecipes: falling back to a synchronous message for:" "http://consultas.funcionjudicial.gob.ec"
console.warn: LoginRecipes: "getRecipes: falling back to a synchronous message for:" "http://consultas.funcionjudicial.gob.ec"
console.warn: LoginRecipes: "getRecipes: falling back to a synchronous message for:" "http://consultas.funcionjudicial.gob.ec"
console.warn: LoginRecipes: "getRecipes: falling back to a synchronous message for:" "http://consultas.funcionjudicial.gob.ec"
console.warn: LoginRecipes: "getRecipes: falling back to a synchronous message for:" "http://consultas.funcionjudicial.gob.ec"
console.warn: LoginRecipes: "getRecipes: falling back to a synchronous message for:" "http://consultas.funcionjudicial.gob.ec"
1654796646389	Marionette	INFO	Stopped listening on port 64901

###!!! [Parent][PGPUParent] Error: RunMessage(msgname=PGPU::Msg_ShutdownVR) Channel closing: too late to send/recv, messages will be lost

1654799551752	geckodriver	INFO	Listening on 127.0.0.1:49475
1654799554782	mozrunner::runner	INFO	Running command: "C:\\Program Files\\Mozilla Firefox\\firefox.exe" "--marionette" "--remote-debugging-port" "49476" "--remote-allow-hosts" "localhost" "-no-remote" "-profile" "C:\\Users\\DANIEL~1\\AppData\\Local\\Temp\\rust_mozprofileeDMehv"
1654799555027	Marionette	INFO	Marionette enabled
WebDriver BiDi listening on ws://localhost:49476
console.warn: SearchSettings: "get: No settings file exists, new profile?" (new NotFoundError("Could not open the file at C:\\Users\\DANIEL~1\\AppData\\Local\\Temp\\rust_mozprofileeDMehv\\search.json.mozlz4", (void 0)))
1654799556364	Marionette	INFO	Listening on port 49500
DevTools listening on ws://localhost:49476/devtools/browser/bf26abcc-fd20-43d4-9c45-c5f0f32f8fc9
Read port: 49500
1654799556495	RemoteAgent	WARN	TLS certificate errors will be ignored for this session
console.warn: LoginRecipes: "getRecipes: falling back to a synchronous message for:" "http://consultas.funcionjudicial.gob.ec"
console.warn: LoginRecipes: "getRecipes: falling back to a synchronous message for:" "http://consultas.funcionjudicial.gob.ec"
JavaScript error: , line 0: NS_ERROR_NOT_AVAILABLE
1654800315097	Marionette	INFO	Stopped listening on port 49500
console.warn: TopSitesFeed: Failed to fetch data from Contile server: NetworkError when attempting to fetch resource.

###!!! [Parent][PGPUParent] Error: RunMessage(msgname=PGPU::Msg_ShutdownVR) Channel closing: too late to send/recv, messages will be lost

